<?xml version="1.0" encoding="UTF-8"?>
<testsuite xmlns:xsi="http://www.w3.org/2001/XMLSchema-instance" xsi:noNamespaceSchemaLocation="https://maven.apache.org/surefire/maven-surefire-plugin/xsd/surefire-test-report-3.0.xsd" version="3.0" name="TestSuite" time="5.129" tests="2" errors="0" skipped="0" failures="2">
  <properties>
[...]
</properties>
  <testcase name="verifyIfRememberMeCheckBoxIsSelected" classname="groceryTestCases.LoginTestCase$LoginTestcase" time="0.121">
    <failure message="text mismatch expected [true] but found [false]" type="java.lang.AssertionError"><![CDATA[java.lang.AssertionError: text mismatch expected [true] but found [false]
	at groceryTestCases.LoginTestCase$LoginTestcase.verifyIfRememberMeCheckBoxIsSelected(LoginTestCase.java:41)
]]></failure>
    <system-err><![CDATA[SLF4J: Failed to load class "org.slf4j.impl.StaticLoggerBinder".
SLF4J: Defaulting to no-operation (NOP) logger implementation
SLF4J: See http://www.slf4j.org/codes.html#StaticLoggerBinder for further details.
]]></system-err>
  </testcase>
  <testcase name="verifyLogin" classname="groceryTestCases.LoginTestCase$LoginTestcase" time="0.003">
    <failure message="C:\Users\reshm\eclipse-check\NewGroceryApp\src\main\resources\config.properties (The system cannot find the file specified)" type="java.io.FileNotFoundException"><![CDATA[java.io.FileNotFoundException: C:\Users\reshm\eclipse-check\NewGroceryApp\src\main\resources\config.properties (The system cannot find the file specified)
	at groceryTestCases.LoginTestCase$LoginTestcase.verifyLogin(LoginTestCase.java:22)
]]></failure>
  </testcase>
</testsuite>